INFO:root:This is an info message.
WARNING:root:This is a warning message.
ERROR:root:This is an error message.
CRITICAL:root:This is a critical message.
INFO:root:This is an informational message.
ERROR:root:Error occurred: division by zero
INFO:root:Program execution completed.
INFO:RotatingLogger:Log message 0
INFO:RotatingLogger:Log message 1
INFO:RotatingLogger:Log message 2
INFO:RotatingLogger:Log message 3
INFO:RotatingLogger:Log message 4
INFO:RotatingLogger:Log message 5
INFO:RotatingLogger:Log message 6
INFO:RotatingLogger:Log message 7
INFO:RotatingLogger:Log message 8
INFO:RotatingLogger:Log message 9
INFO:RotatingLogger:Log message 10
INFO:RotatingLogger:Log message 11
INFO:RotatingLogger:Log message 12
INFO:RotatingLogger:Log message 13
INFO:RotatingLogger:Log message 14
INFO:RotatingLogger:Log message 15
INFO:RotatingLogger:Log message 16
INFO:RotatingLogger:Log message 17
INFO:RotatingLogger:Log message 18
INFO:RotatingLogger:Log message 19
INFO:RotatingLogger:Log message 20
INFO:RotatingLogger:Log message 21
INFO:RotatingLogger:Log message 22
INFO:RotatingLogger:Log message 23
INFO:RotatingLogger:Log message 24
INFO:RotatingLogger:Log message 25
INFO:RotatingLogger:Log message 26
INFO:RotatingLogger:Log message 27
INFO:RotatingLogger:Log message 28
INFO:RotatingLogger:Log message 29
INFO:RotatingLogger:Log message 30
INFO:RotatingLogger:Log message 31
INFO:RotatingLogger:Log message 32
INFO:RotatingLogger:Log message 33
INFO:RotatingLogger:Log message 34
INFO:RotatingLogger:Log message 35
INFO:RotatingLogger:Log message 36
INFO:RotatingLogger:Log message 37
INFO:RotatingLogger:Log message 38
INFO:RotatingLogger:Log message 39
INFO:RotatingLogger:Log message 40
INFO:RotatingLogger:Log message 41
INFO:RotatingLogger:Log message 42
INFO:RotatingLogger:Log message 43
INFO:RotatingLogger:Log message 44
INFO:RotatingLogger:Log message 45
INFO:RotatingLogger:Log message 46
INFO:RotatingLogger:Log message 47
INFO:RotatingLogger:Log message 48
INFO:RotatingLogger:Log message 49
INFO:RotatingLogger:Log message 50
INFO:RotatingLogger:Log message 51
INFO:RotatingLogger:Log message 52
INFO:RotatingLogger:Log message 53
INFO:RotatingLogger:Log message 54
INFO:RotatingLogger:Log message 55
INFO:RotatingLogger:Log message 56
INFO:RotatingLogger:Log message 57
INFO:RotatingLogger:Log message 58
INFO:RotatingLogger:Log message 59
INFO:RotatingLogger:Log message 60
INFO:RotatingLogger:Log message 61
INFO:RotatingLogger:Log message 62
INFO:RotatingLogger:Log message 63
INFO:RotatingLogger:Log message 64
INFO:RotatingLogger:Log message 65
INFO:RotatingLogger:Log message 66
INFO:RotatingLogger:Log message 67
INFO:RotatingLogger:Log message 68
INFO:RotatingLogger:Log message 69
INFO:RotatingLogger:Log message 70
INFO:RotatingLogger:Log message 71
INFO:RotatingLogger:Log message 72
INFO:RotatingLogger:Log message 73
INFO:RotatingLogger:Log message 74
INFO:RotatingLogger:Log message 75
INFO:RotatingLogger:Log message 76
INFO:RotatingLogger:Log message 77
INFO:RotatingLogger:Log message 78
INFO:RotatingLogger:Log message 79
INFO:RotatingLogger:Log message 80
INFO:RotatingLogger:Log message 81
INFO:RotatingLogger:Log message 82
INFO:RotatingLogger:Log message 83
INFO:RotatingLogger:Log message 84
INFO:RotatingLogger:Log message 85
INFO:RotatingLogger:Log message 86
INFO:RotatingLogger:Log message 87
INFO:RotatingLogger:Log message 88
INFO:RotatingLogger:Log message 89
INFO:RotatingLogger:Log message 90
INFO:RotatingLogger:Log message 91
INFO:RotatingLogger:Log message 92
INFO:RotatingLogger:Log message 93
INFO:RotatingLogger:Log message 94
INFO:RotatingLogger:Log message 95
INFO:RotatingLogger:Log message 96
INFO:RotatingLogger:Log message 97
INFO:RotatingLogger:Log message 98
INFO:RotatingLogger:Log message 99
INFO:RotatingLogger:Log message 100
INFO:RotatingLogger:Log message 101
INFO:RotatingLogger:Log message 102
INFO:RotatingLogger:Log message 103
INFO:RotatingLogger:Log message 104
INFO:RotatingLogger:Log message 105
INFO:RotatingLogger:Log message 106
INFO:RotatingLogger:Log message 107
INFO:RotatingLogger:Log message 108
INFO:RotatingLogger:Log message 109
INFO:RotatingLogger:Log message 110
INFO:RotatingLogger:Log message 111
INFO:RotatingLogger:Log message 112
INFO:RotatingLogger:Log message 113
INFO:RotatingLogger:Log message 114
INFO:RotatingLogger:Log message 115
INFO:RotatingLogger:Log message 116
INFO:RotatingLogger:Log message 117
INFO:RotatingLogger:Log message 118
INFO:RotatingLogger:Log message 119
INFO:RotatingLogger:Log message 120
INFO:RotatingLogger:Log message 121
INFO:RotatingLogger:Log message 122
INFO:RotatingLogger:Log message 123
INFO:RotatingLogger:Log message 124
INFO:RotatingLogger:Log message 125
INFO:RotatingLogger:Log message 126
INFO:RotatingLogger:Log message 127
INFO:RotatingLogger:Log message 128
INFO:RotatingLogger:Log message 129
INFO:RotatingLogger:Log message 130
INFO:RotatingLogger:Log message 131
INFO:RotatingLogger:Log message 132
INFO:RotatingLogger:Log message 133
INFO:RotatingLogger:Log message 134
INFO:RotatingLogger:Log message 135
INFO:RotatingLogger:Log message 136
INFO:RotatingLogger:Log message 137
INFO:RotatingLogger:Log message 138
INFO:RotatingLogger:Log message 139
INFO:RotatingLogger:Log message 140
INFO:RotatingLogger:Log message 141
INFO:RotatingLogger:Log message 142
INFO:RotatingLogger:Log message 143
INFO:RotatingLogger:Log message 144
INFO:RotatingLogger:Log message 145
INFO:RotatingLogger:Log message 146
INFO:RotatingLogger:Log message 147
INFO:RotatingLogger:Log message 148
INFO:RotatingLogger:Log message 149
INFO:RotatingLogger:Log message 150
INFO:RotatingLogger:Log message 151
INFO:RotatingLogger:Log message 152
INFO:RotatingLogger:Log message 153
INFO:RotatingLogger:Log message 154
INFO:RotatingLogger:Log message 155
INFO:RotatingLogger:Log message 156
INFO:RotatingLogger:Log message 157
INFO:RotatingLogger:Log message 158
INFO:RotatingLogger:Log message 159
INFO:RotatingLogger:Log message 160
INFO:RotatingLogger:Log message 161
INFO:RotatingLogger:Log message 162
INFO:RotatingLogger:Log message 163
INFO:RotatingLogger:Log message 164
INFO:RotatingLogger:Log message 165
INFO:RotatingLogger:Log message 166
INFO:RotatingLogger:Log message 167
INFO:RotatingLogger:Log message 168
INFO:RotatingLogger:Log message 169
INFO:RotatingLogger:Log message 170
INFO:RotatingLogger:Log message 171
INFO:RotatingLogger:Log message 172
INFO:RotatingLogger:Log message 173
INFO:RotatingLogger:Log message 174
INFO:RotatingLogger:Log message 175
INFO:RotatingLogger:Log message 176
INFO:RotatingLogger:Log message 177
INFO:RotatingLogger:Log message 178
INFO:RotatingLogger:Log message 179
INFO:RotatingLogger:Log message 180
INFO:RotatingLogger:Log message 181
INFO:RotatingLogger:Log message 182
INFO:RotatingLogger:Log message 183
INFO:RotatingLogger:Log message 184
INFO:RotatingLogger:Log message 185
INFO:RotatingLogger:Log message 186
INFO:RotatingLogger:Log message 187
INFO:RotatingLogger:Log message 188
INFO:RotatingLogger:Log message 189
INFO:RotatingLogger:Log message 190
INFO:RotatingLogger:Log message 191
INFO:RotatingLogger:Log message 192
INFO:RotatingLogger:Log message 193
INFO:RotatingLogger:Log message 194
INFO:RotatingLogger:Log message 195
INFO:RotatingLogger:Log message 196
INFO:RotatingLogger:Log message 197
INFO:RotatingLogger:Log message 198
INFO:RotatingLogger:Log message 199
INFO:RotatingLogger:Log message 200
INFO:RotatingLogger:Log message 201
INFO:RotatingLogger:Log message 202
INFO:RotatingLogger:Log message 203
INFO:RotatingLogger:Log message 204
INFO:RotatingLogger:Log message 205
INFO:RotatingLogger:Log message 206
INFO:RotatingLogger:Log message 207
INFO:RotatingLogger:Log message 208
INFO:RotatingLogger:Log message 209
INFO:RotatingLogger:Log message 210
INFO:RotatingLogger:Log message 211
INFO:RotatingLogger:Log message 212
INFO:RotatingLogger:Log message 213
INFO:RotatingLogger:Log message 214
INFO:RotatingLogger:Log message 215
INFO:RotatingLogger:Log message 216
INFO:RotatingLogger:Log message 217
INFO:RotatingLogger:Log message 218
INFO:RotatingLogger:Log message 219
INFO:RotatingLogger:Log message 220
INFO:RotatingLogger:Log message 221
INFO:RotatingLogger:Log message 222
INFO:RotatingLogger:Log message 223
INFO:RotatingLogger:Log message 224
INFO:RotatingLogger:Log message 225
INFO:RotatingLogger:Log message 226
INFO:RotatingLogger:Log message 227
INFO:RotatingLogger:Log message 228
INFO:RotatingLogger:Log message 229
INFO:RotatingLogger:Log message 230
INFO:RotatingLogger:Log message 231
INFO:RotatingLogger:Log message 232
INFO:RotatingLogger:Log message 233
INFO:RotatingLogger:Log message 234
INFO:RotatingLogger:Log message 235
INFO:RotatingLogger:Log message 236
INFO:RotatingLogger:Log message 237
INFO:RotatingLogger:Log message 238
INFO:RotatingLogger:Log message 239
INFO:RotatingLogger:Log message 240
INFO:RotatingLogger:Log message 241
INFO:RotatingLogger:Log message 242
INFO:RotatingLogger:Log message 243
INFO:RotatingLogger:Log message 244
INFO:RotatingLogger:Log message 245
INFO:RotatingLogger:Log message 246
INFO:RotatingLogger:Log message 247
INFO:RotatingLogger:Log message 248
INFO:RotatingLogger:Log message 249
INFO:RotatingLogger:Log message 250
INFO:RotatingLogger:Log message 251
INFO:RotatingLogger:Log message 252
INFO:RotatingLogger:Log message 253
INFO:RotatingLogger:Log message 254
INFO:RotatingLogger:Log message 255
INFO:RotatingLogger:Log message 256
INFO:RotatingLogger:Log message 257
INFO:RotatingLogger:Log message 258
INFO:RotatingLogger:Log message 259
INFO:RotatingLogger:Log message 260
INFO:RotatingLogger:Log message 261
INFO:RotatingLogger:Log message 262
INFO:RotatingLogger:Log message 263
INFO:RotatingLogger:Log message 264
INFO:RotatingLogger:Log message 265
INFO:RotatingLogger:Log message 266
INFO:RotatingLogger:Log message 267
INFO:RotatingLogger:Log message 268
INFO:RotatingLogger:Log message 269
INFO:RotatingLogger:Log message 270
INFO:RotatingLogger:Log message 271
INFO:RotatingLogger:Log message 272
INFO:RotatingLogger:Log message 273
INFO:RotatingLogger:Log message 274
INFO:RotatingLogger:Log message 275
INFO:RotatingLogger:Log message 276
INFO:RotatingLogger:Log message 277
INFO:RotatingLogger:Log message 278
INFO:RotatingLogger:Log message 279
INFO:RotatingLogger:Log message 280
INFO:RotatingLogger:Log message 281
INFO:RotatingLogger:Log message 282
INFO:RotatingLogger:Log message 283
INFO:RotatingLogger:Log message 284
INFO:RotatingLogger:Log message 285
INFO:RotatingLogger:Log message 286
INFO:RotatingLogger:Log message 287
INFO:RotatingLogger:Log message 288
INFO:RotatingLogger:Log message 289
INFO:RotatingLogger:Log message 290
INFO:RotatingLogger:Log message 291
INFO:RotatingLogger:Log message 292
INFO:RotatingLogger:Log message 293
INFO:RotatingLogger:Log message 294
INFO:RotatingLogger:Log message 295
INFO:RotatingLogger:Log message 296
INFO:RotatingLogger:Log message 297
INFO:RotatingLogger:Log message 298
INFO:RotatingLogger:Log message 299
INFO:RotatingLogger:Log message 300
INFO:RotatingLogger:Log message 301
INFO:RotatingLogger:Log message 302
INFO:RotatingLogger:Log message 303
INFO:RotatingLogger:Log message 304
INFO:RotatingLogger:Log message 305
INFO:RotatingLogger:Log message 306
INFO:RotatingLogger:Log message 307
INFO:RotatingLogger:Log message 308
INFO:RotatingLogger:Log message 309
INFO:RotatingLogger:Log message 310
INFO:RotatingLogger:Log message 311
INFO:RotatingLogger:Log message 312
INFO:RotatingLogger:Log message 313
INFO:RotatingLogger:Log message 314
INFO:RotatingLogger:Log message 315
INFO:RotatingLogger:Log message 316
INFO:RotatingLogger:Log message 317
INFO:RotatingLogger:Log message 318
INFO:RotatingLogger:Log message 319
INFO:RotatingLogger:Log message 320
INFO:RotatingLogger:Log message 321
INFO:RotatingLogger:Log message 322
INFO:RotatingLogger:Log message 323
INFO:RotatingLogger:Log message 324
INFO:RotatingLogger:Log message 325
INFO:RotatingLogger:Log message 326
INFO:RotatingLogger:Log message 327
INFO:RotatingLogger:Log message 328
INFO:RotatingLogger:Log message 329
INFO:RotatingLogger:Log message 330
INFO:RotatingLogger:Log message 331
INFO:RotatingLogger:Log message 332
INFO:RotatingLogger:Log message 333
INFO:RotatingLogger:Log message 334
INFO:RotatingLogger:Log message 335
INFO:RotatingLogger:Log message 336
INFO:RotatingLogger:Log message 337
INFO:RotatingLogger:Log message 338
INFO:RotatingLogger:Log message 339
INFO:RotatingLogger:Log message 340
INFO:RotatingLogger:Log message 341
INFO:RotatingLogger:Log message 342
INFO:RotatingLogger:Log message 343
INFO:RotatingLogger:Log message 344
INFO:RotatingLogger:Log message 345
INFO:RotatingLogger:Log message 346
INFO:RotatingLogger:Log message 347
INFO:RotatingLogger:Log message 348
INFO:RotatingLogger:Log message 349
INFO:RotatingLogger:Log message 350
INFO:RotatingLogger:Log message 351
INFO:RotatingLogger:Log message 352
INFO:RotatingLogger:Log message 353
INFO:RotatingLogger:Log message 354
INFO:RotatingLogger:Log message 355
INFO:RotatingLogger:Log message 356
INFO:RotatingLogger:Log message 357
INFO:RotatingLogger:Log message 358
INFO:RotatingLogger:Log message 359
INFO:RotatingLogger:Log message 360
INFO:RotatingLogger:Log message 361
INFO:RotatingLogger:Log message 362
INFO:RotatingLogger:Log message 363
INFO:RotatingLogger:Log message 364
INFO:RotatingLogger:Log message 365
INFO:RotatingLogger:Log message 366
INFO:RotatingLogger:Log message 367
INFO:RotatingLogger:Log message 368
INFO:RotatingLogger:Log message 369
INFO:RotatingLogger:Log message 370
INFO:RotatingLogger:Log message 371
INFO:RotatingLogger:Log message 372
INFO:RotatingLogger:Log message 373
INFO:RotatingLogger:Log message 374
INFO:RotatingLogger:Log message 375
INFO:RotatingLogger:Log message 376
INFO:RotatingLogger:Log message 377
INFO:RotatingLogger:Log message 378
INFO:RotatingLogger:Log message 379
INFO:RotatingLogger:Log message 380
INFO:RotatingLogger:Log message 381
INFO:RotatingLogger:Log message 382
INFO:RotatingLogger:Log message 383
INFO:RotatingLogger:Log message 384
INFO:RotatingLogger:Log message 385
INFO:RotatingLogger:Log message 386
INFO:RotatingLogger:Log message 387
INFO:RotatingLogger:Log message 388
INFO:RotatingLogger:Log message 389
INFO:RotatingLogger:Log message 390
INFO:RotatingLogger:Log message 391
INFO:RotatingLogger:Log message 392
INFO:RotatingLogger:Log message 393
INFO:RotatingLogger:Log message 394
INFO:RotatingLogger:Log message 395
INFO:RotatingLogger:Log message 396
INFO:RotatingLogger:Log message 397
INFO:RotatingLogger:Log message 398
INFO:RotatingLogger:Log message 399
INFO:RotatingLogger:Log message 400
INFO:RotatingLogger:Log message 401
INFO:RotatingLogger:Log message 402
INFO:RotatingLogger:Log message 403
INFO:RotatingLogger:Log message 404
INFO:RotatingLogger:Log message 405
INFO:RotatingLogger:Log message 406
INFO:RotatingLogger:Log message 407
INFO:RotatingLogger:Log message 408
INFO:RotatingLogger:Log message 409
INFO:RotatingLogger:Log message 410
INFO:RotatingLogger:Log message 411
INFO:RotatingLogger:Log message 412
INFO:RotatingLogger:Log message 413
INFO:RotatingLogger:Log message 414
INFO:RotatingLogger:Log message 415
INFO:RotatingLogger:Log message 416
INFO:RotatingLogger:Log message 417
INFO:RotatingLogger:Log message 418
INFO:RotatingLogger:Log message 419
INFO:RotatingLogger:Log message 420
INFO:RotatingLogger:Log message 421
INFO:RotatingLogger:Log message 422
INFO:RotatingLogger:Log message 423
INFO:RotatingLogger:Log message 424
INFO:RotatingLogger:Log message 425
INFO:RotatingLogger:Log message 426
INFO:RotatingLogger:Log message 427
INFO:RotatingLogger:Log message 428
INFO:RotatingLogger:Log message 429
INFO:RotatingLogger:Log message 430
INFO:RotatingLogger:Log message 431
INFO:RotatingLogger:Log message 432
INFO:RotatingLogger:Log message 433
INFO:RotatingLogger:Log message 434
INFO:RotatingLogger:Log message 435
INFO:RotatingLogger:Log message 436
INFO:RotatingLogger:Log message 437
INFO:RotatingLogger:Log message 438
INFO:RotatingLogger:Log message 439
INFO:RotatingLogger:Log message 440
INFO:RotatingLogger:Log message 441
INFO:RotatingLogger:Log message 442
INFO:RotatingLogger:Log message 443
INFO:RotatingLogger:Log message 444
INFO:RotatingLogger:Log message 445
INFO:RotatingLogger:Log message 446
INFO:RotatingLogger:Log message 447
INFO:RotatingLogger:Log message 448
INFO:RotatingLogger:Log message 449
INFO:RotatingLogger:Log message 450
INFO:RotatingLogger:Log message 451
INFO:RotatingLogger:Log message 452
INFO:RotatingLogger:Log message 453
INFO:RotatingLogger:Log message 454
INFO:RotatingLogger:Log message 455
INFO:RotatingLogger:Log message 456
INFO:RotatingLogger:Log message 457
INFO:RotatingLogger:Log message 458
INFO:RotatingLogger:Log message 459
INFO:RotatingLogger:Log message 460
INFO:RotatingLogger:Log message 461
INFO:RotatingLogger:Log message 462
INFO:RotatingLogger:Log message 463
INFO:RotatingLogger:Log message 464
INFO:RotatingLogger:Log message 465
INFO:RotatingLogger:Log message 466
INFO:RotatingLogger:Log message 467
INFO:RotatingLogger:Log message 468
INFO:RotatingLogger:Log message 469
INFO:RotatingLogger:Log message 470
INFO:RotatingLogger:Log message 471
INFO:RotatingLogger:Log message 472
INFO:RotatingLogger:Log message 473
INFO:RotatingLogger:Log message 474
INFO:RotatingLogger:Log message 475
INFO:RotatingLogger:Log message 476
INFO:RotatingLogger:Log message 477
INFO:RotatingLogger:Log message 478
INFO:RotatingLogger:Log message 479
INFO:RotatingLogger:Log message 480
INFO:RotatingLogger:Log message 481
INFO:RotatingLogger:Log message 482
INFO:RotatingLogger:Log message 483
INFO:RotatingLogger:Log message 484
INFO:RotatingLogger:Log message 485
INFO:RotatingLogger:Log message 486
INFO:RotatingLogger:Log message 487
INFO:RotatingLogger:Log message 488
INFO:RotatingLogger:Log message 489
INFO:RotatingLogger:Log message 490
INFO:RotatingLogger:Log message 491
INFO:RotatingLogger:Log message 492
INFO:RotatingLogger:Log message 493
INFO:RotatingLogger:Log message 494
INFO:RotatingLogger:Log message 495
INFO:RotatingLogger:Log message 496
INFO:RotatingLogger:Log message 497
INFO:RotatingLogger:Log message 498
INFO:RotatingLogger:Log message 499
INFO:RotatingLogger:Log message 500
INFO:RotatingLogger:Log message 501
INFO:RotatingLogger:Log message 502
INFO:RotatingLogger:Log message 503
INFO:RotatingLogger:Log message 504
INFO:RotatingLogger:Log message 505
INFO:RotatingLogger:Log message 506
INFO:RotatingLogger:Log message 507
INFO:RotatingLogger:Log message 508
INFO:RotatingLogger:Log message 509
INFO:RotatingLogger:Log message 510
INFO:RotatingLogger:Log message 511
INFO:RotatingLogger:Log message 512
INFO:RotatingLogger:Log message 513
INFO:RotatingLogger:Log message 514
INFO:RotatingLogger:Log message 515
INFO:RotatingLogger:Log message 516
INFO:RotatingLogger:Log message 517
INFO:RotatingLogger:Log message 518
INFO:RotatingLogger:Log message 519
INFO:RotatingLogger:Log message 520
INFO:RotatingLogger:Log message 521
INFO:RotatingLogger:Log message 522
INFO:RotatingLogger:Log message 523
INFO:RotatingLogger:Log message 524
INFO:RotatingLogger:Log message 525
INFO:RotatingLogger:Log message 526
INFO:RotatingLogger:Log message 527
INFO:RotatingLogger:Log message 528
INFO:RotatingLogger:Log message 529
INFO:RotatingLogger:Log message 530
INFO:RotatingLogger:Log message 531
INFO:RotatingLogger:Log message 532
INFO:RotatingLogger:Log message 533
INFO:RotatingLogger:Log message 534
INFO:RotatingLogger:Log message 535
INFO:RotatingLogger:Log message 536
INFO:RotatingLogger:Log message 537
INFO:RotatingLogger:Log message 538
INFO:RotatingLogger:Log message 539
INFO:RotatingLogger:Log message 540
INFO:RotatingLogger:Log message 541
INFO:RotatingLogger:Log message 542
INFO:RotatingLogger:Log message 543
INFO:RotatingLogger:Log message 544
INFO:RotatingLogger:Log message 545
INFO:RotatingLogger:Log message 546
INFO:RotatingLogger:Log message 547
INFO:RotatingLogger:Log message 548
INFO:RotatingLogger:Log message 549
INFO:RotatingLogger:Log message 550
INFO:RotatingLogger:Log message 551
INFO:RotatingLogger:Log message 552
INFO:RotatingLogger:Log message 553
INFO:RotatingLogger:Log message 554
INFO:RotatingLogger:Log message 555
INFO:RotatingLogger:Log message 556
INFO:RotatingLogger:Log message 557
INFO:RotatingLogger:Log message 558
INFO:RotatingLogger:Log message 559
INFO:RotatingLogger:Log message 560
INFO:RotatingLogger:Log message 561
INFO:RotatingLogger:Log message 562
INFO:RotatingLogger:Log message 563
INFO:RotatingLogger:Log message 564
INFO:RotatingLogger:Log message 565
INFO:RotatingLogger:Log message 566
INFO:RotatingLogger:Log message 567
INFO:RotatingLogger:Log message 568
INFO:RotatingLogger:Log message 569
INFO:RotatingLogger:Log message 570
INFO:RotatingLogger:Log message 571
INFO:RotatingLogger:Log message 572
INFO:RotatingLogger:Log message 573
INFO:RotatingLogger:Log message 574
INFO:RotatingLogger:Log message 575
INFO:RotatingLogger:Log message 576
INFO:RotatingLogger:Log message 577
INFO:RotatingLogger:Log message 578
INFO:RotatingLogger:Log message 579
INFO:RotatingLogger:Log message 580
INFO:RotatingLogger:Log message 581
INFO:RotatingLogger:Log message 582
INFO:RotatingLogger:Log message 583
INFO:RotatingLogger:Log message 584
INFO:RotatingLogger:Log message 585
INFO:RotatingLogger:Log message 586
INFO:RotatingLogger:Log message 587
INFO:RotatingLogger:Log message 588
INFO:RotatingLogger:Log message 589
INFO:RotatingLogger:Log message 590
INFO:RotatingLogger:Log message 591
INFO:RotatingLogger:Log message 592
INFO:RotatingLogger:Log message 593
INFO:RotatingLogger:Log message 594
INFO:RotatingLogger:Log message 595
INFO:RotatingLogger:Log message 596
INFO:RotatingLogger:Log message 597
INFO:RotatingLogger:Log message 598
INFO:RotatingLogger:Log message 599
INFO:RotatingLogger:Log message 600
INFO:RotatingLogger:Log message 601
INFO:RotatingLogger:Log message 602
INFO:RotatingLogger:Log message 603
INFO:RotatingLogger:Log message 604
INFO:RotatingLogger:Log message 605
INFO:RotatingLogger:Log message 606
INFO:RotatingLogger:Log message 607
INFO:RotatingLogger:Log message 608
INFO:RotatingLogger:Log message 609
INFO:RotatingLogger:Log message 610
INFO:RotatingLogger:Log message 611
INFO:RotatingLogger:Log message 612
INFO:RotatingLogger:Log message 613
INFO:RotatingLogger:Log message 614
INFO:RotatingLogger:Log message 615
INFO:RotatingLogger:Log message 616
INFO:RotatingLogger:Log message 617
INFO:RotatingLogger:Log message 618
INFO:RotatingLogger:Log message 619
INFO:RotatingLogger:Log message 620
INFO:RotatingLogger:Log message 621
INFO:RotatingLogger:Log message 622
INFO:RotatingLogger:Log message 623
INFO:RotatingLogger:Log message 624
INFO:RotatingLogger:Log message 625
INFO:RotatingLogger:Log message 626
INFO:RotatingLogger:Log message 627
INFO:RotatingLogger:Log message 628
INFO:RotatingLogger:Log message 629
INFO:RotatingLogger:Log message 630
INFO:RotatingLogger:Log message 631
INFO:RotatingLogger:Log message 632
INFO:RotatingLogger:Log message 633
INFO:RotatingLogger:Log message 634
INFO:RotatingLogger:Log message 635
INFO:RotatingLogger:Log message 636
INFO:RotatingLogger:Log message 637
INFO:RotatingLogger:Log message 638
INFO:RotatingLogger:Log message 639
INFO:RotatingLogger:Log message 640
INFO:RotatingLogger:Log message 641
INFO:RotatingLogger:Log message 642
INFO:RotatingLogger:Log message 643
INFO:RotatingLogger:Log message 644
INFO:RotatingLogger:Log message 645
INFO:RotatingLogger:Log message 646
INFO:RotatingLogger:Log message 647
INFO:RotatingLogger:Log message 648
INFO:RotatingLogger:Log message 649
INFO:RotatingLogger:Log message 650
INFO:RotatingLogger:Log message 651
INFO:RotatingLogger:Log message 652
INFO:RotatingLogger:Log message 653
INFO:RotatingLogger:Log message 654
INFO:RotatingLogger:Log message 655
INFO:RotatingLogger:Log message 656
INFO:RotatingLogger:Log message 657
INFO:RotatingLogger:Log message 658
INFO:RotatingLogger:Log message 659
INFO:RotatingLogger:Log message 660
INFO:RotatingLogger:Log message 661
INFO:RotatingLogger:Log message 662
INFO:RotatingLogger:Log message 663
INFO:RotatingLogger:Log message 664
INFO:RotatingLogger:Log message 665
INFO:RotatingLogger:Log message 666
INFO:RotatingLogger:Log message 667
INFO:RotatingLogger:Log message 668
INFO:RotatingLogger:Log message 669
INFO:RotatingLogger:Log message 670
INFO:RotatingLogger:Log message 671
INFO:RotatingLogger:Log message 672
INFO:RotatingLogger:Log message 673
INFO:RotatingLogger:Log message 674
INFO:RotatingLogger:Log message 675
INFO:RotatingLogger:Log message 676
INFO:RotatingLogger:Log message 677
INFO:RotatingLogger:Log message 678
INFO:RotatingLogger:Log message 679
INFO:RotatingLogger:Log message 680
INFO:RotatingLogger:Log message 681
INFO:RotatingLogger:Log message 682
INFO:RotatingLogger:Log message 683
INFO:RotatingLogger:Log message 684
INFO:RotatingLogger:Log message 685
INFO:RotatingLogger:Log message 686
INFO:RotatingLogger:Log message 687
INFO:RotatingLogger:Log message 688
INFO:RotatingLogger:Log message 689
INFO:RotatingLogger:Log message 690
INFO:RotatingLogger:Log message 691
INFO:RotatingLogger:Log message 692
INFO:RotatingLogger:Log message 693
INFO:RotatingLogger:Log message 694
INFO:RotatingLogger:Log message 695
INFO:RotatingLogger:Log message 696
INFO:RotatingLogger:Log message 697
INFO:RotatingLogger:Log message 698
INFO:RotatingLogger:Log message 699
INFO:RotatingLogger:Log message 700
INFO:RotatingLogger:Log message 701
INFO:RotatingLogger:Log message 702
INFO:RotatingLogger:Log message 703
INFO:RotatingLogger:Log message 704
INFO:RotatingLogger:Log message 705
INFO:RotatingLogger:Log message 706
INFO:RotatingLogger:Log message 707
INFO:RotatingLogger:Log message 708
INFO:RotatingLogger:Log message 709
INFO:RotatingLogger:Log message 710
INFO:RotatingLogger:Log message 711
INFO:RotatingLogger:Log message 712
INFO:RotatingLogger:Log message 713
INFO:RotatingLogger:Log message 714
INFO:RotatingLogger:Log message 715
INFO:RotatingLogger:Log message 716
INFO:RotatingLogger:Log message 717
INFO:RotatingLogger:Log message 718
INFO:RotatingLogger:Log message 719
INFO:RotatingLogger:Log message 720
INFO:RotatingLogger:Log message 721
INFO:RotatingLogger:Log message 722
INFO:RotatingLogger:Log message 723
INFO:RotatingLogger:Log message 724
INFO:RotatingLogger:Log message 725
INFO:RotatingLogger:Log message 726
INFO:RotatingLogger:Log message 727
INFO:RotatingLogger:Log message 728
INFO:RotatingLogger:Log message 729
INFO:RotatingLogger:Log message 730
INFO:RotatingLogger:Log message 731
INFO:RotatingLogger:Log message 732
INFO:RotatingLogger:Log message 733
INFO:RotatingLogger:Log message 734
INFO:RotatingLogger:Log message 735
INFO:RotatingLogger:Log message 736
INFO:RotatingLogger:Log message 737
INFO:RotatingLogger:Log message 738
INFO:RotatingLogger:Log message 739
INFO:RotatingLogger:Log message 740
INFO:RotatingLogger:Log message 741
INFO:RotatingLogger:Log message 742
INFO:RotatingLogger:Log message 743
INFO:RotatingLogger:Log message 744
INFO:RotatingLogger:Log message 745
INFO:RotatingLogger:Log message 746
INFO:RotatingLogger:Log message 747
INFO:RotatingLogger:Log message 748
INFO:RotatingLogger:Log message 749
INFO:RotatingLogger:Log message 750
INFO:RotatingLogger:Log message 751
INFO:RotatingLogger:Log message 752
INFO:RotatingLogger:Log message 753
INFO:RotatingLogger:Log message 754
INFO:RotatingLogger:Log message 755
INFO:RotatingLogger:Log message 756
INFO:RotatingLogger:Log message 757
INFO:RotatingLogger:Log message 758
INFO:RotatingLogger:Log message 759
INFO:RotatingLogger:Log message 760
INFO:RotatingLogger:Log message 761
INFO:RotatingLogger:Log message 762
INFO:RotatingLogger:Log message 763
INFO:RotatingLogger:Log message 764
INFO:RotatingLogger:Log message 765
INFO:RotatingLogger:Log message 766
INFO:RotatingLogger:Log message 767
INFO:RotatingLogger:Log message 768
INFO:RotatingLogger:Log message 769
INFO:RotatingLogger:Log message 770
INFO:RotatingLogger:Log message 771
INFO:RotatingLogger:Log message 772
INFO:RotatingLogger:Log message 773
INFO:RotatingLogger:Log message 774
INFO:RotatingLogger:Log message 775
INFO:RotatingLogger:Log message 776
INFO:RotatingLogger:Log message 777
INFO:RotatingLogger:Log message 778
INFO:RotatingLogger:Log message 779
INFO:RotatingLogger:Log message 780
INFO:RotatingLogger:Log message 781
INFO:RotatingLogger:Log message 782
INFO:RotatingLogger:Log message 783
INFO:RotatingLogger:Log message 784
INFO:RotatingLogger:Log message 785
INFO:RotatingLogger:Log message 786
INFO:RotatingLogger:Log message 787
INFO:RotatingLogger:Log message 788
INFO:RotatingLogger:Log message 789
INFO:RotatingLogger:Log message 790
INFO:RotatingLogger:Log message 791
INFO:RotatingLogger:Log message 792
INFO:RotatingLogger:Log message 793
INFO:RotatingLogger:Log message 794
INFO:RotatingLogger:Log message 795
INFO:RotatingLogger:Log message 796
INFO:RotatingLogger:Log message 797
INFO:RotatingLogger:Log message 798
INFO:RotatingLogger:Log message 799
INFO:RotatingLogger:Log message 800
INFO:RotatingLogger:Log message 801
INFO:RotatingLogger:Log message 802
INFO:RotatingLogger:Log message 803
INFO:RotatingLogger:Log message 804
INFO:RotatingLogger:Log message 805
INFO:RotatingLogger:Log message 806
INFO:RotatingLogger:Log message 807
INFO:RotatingLogger:Log message 808
INFO:RotatingLogger:Log message 809
INFO:RotatingLogger:Log message 810
INFO:RotatingLogger:Log message 811
INFO:RotatingLogger:Log message 812
INFO:RotatingLogger:Log message 813
INFO:RotatingLogger:Log message 814
INFO:RotatingLogger:Log message 815
INFO:RotatingLogger:Log message 816
INFO:RotatingLogger:Log message 817
INFO:RotatingLogger:Log message 818
INFO:RotatingLogger:Log message 819
INFO:RotatingLogger:Log message 820
INFO:RotatingLogger:Log message 821
INFO:RotatingLogger:Log message 822
INFO:RotatingLogger:Log message 823
INFO:RotatingLogger:Log message 824
INFO:RotatingLogger:Log message 825
INFO:RotatingLogger:Log message 826
INFO:RotatingLogger:Log message 827
INFO:RotatingLogger:Log message 828
INFO:RotatingLogger:Log message 829
INFO:RotatingLogger:Log message 830
INFO:RotatingLogger:Log message 831
INFO:RotatingLogger:Log message 832
INFO:RotatingLogger:Log message 833
INFO:RotatingLogger:Log message 834
INFO:RotatingLogger:Log message 835
INFO:RotatingLogger:Log message 836
INFO:RotatingLogger:Log message 837
INFO:RotatingLogger:Log message 838
INFO:RotatingLogger:Log message 839
INFO:RotatingLogger:Log message 840
INFO:RotatingLogger:Log message 841
INFO:RotatingLogger:Log message 842
INFO:RotatingLogger:Log message 843
INFO:RotatingLogger:Log message 844
INFO:RotatingLogger:Log message 845
INFO:RotatingLogger:Log message 846
INFO:RotatingLogger:Log message 847
INFO:RotatingLogger:Log message 848
INFO:RotatingLogger:Log message 849
INFO:RotatingLogger:Log message 850
INFO:RotatingLogger:Log message 851
INFO:RotatingLogger:Log message 852
INFO:RotatingLogger:Log message 853
INFO:RotatingLogger:Log message 854
INFO:RotatingLogger:Log message 855
INFO:RotatingLogger:Log message 856
INFO:RotatingLogger:Log message 857
INFO:RotatingLogger:Log message 858
INFO:RotatingLogger:Log message 859
INFO:RotatingLogger:Log message 860
INFO:RotatingLogger:Log message 861
INFO:RotatingLogger:Log message 862
INFO:RotatingLogger:Log message 863
INFO:RotatingLogger:Log message 864
INFO:RotatingLogger:Log message 865
INFO:RotatingLogger:Log message 866
INFO:RotatingLogger:Log message 867
INFO:RotatingLogger:Log message 868
INFO:RotatingLogger:Log message 869
INFO:RotatingLogger:Log message 870
INFO:RotatingLogger:Log message 871
INFO:RotatingLogger:Log message 872
INFO:RotatingLogger:Log message 873
INFO:RotatingLogger:Log message 874
INFO:RotatingLogger:Log message 875
INFO:RotatingLogger:Log message 876
INFO:RotatingLogger:Log message 877
INFO:RotatingLogger:Log message 878
INFO:RotatingLogger:Log message 879
INFO:RotatingLogger:Log message 880
INFO:RotatingLogger:Log message 881
INFO:RotatingLogger:Log message 882
INFO:RotatingLogger:Log message 883
INFO:RotatingLogger:Log message 884
INFO:RotatingLogger:Log message 885
INFO:RotatingLogger:Log message 886
INFO:RotatingLogger:Log message 887
INFO:RotatingLogger:Log message 888
INFO:RotatingLogger:Log message 889
INFO:RotatingLogger:Log message 890
INFO:RotatingLogger:Log message 891
INFO:RotatingLogger:Log message 892
INFO:RotatingLogger:Log message 893
INFO:RotatingLogger:Log message 894
INFO:RotatingLogger:Log message 895
INFO:RotatingLogger:Log message 896
INFO:RotatingLogger:Log message 897
INFO:RotatingLogger:Log message 898
INFO:RotatingLogger:Log message 899
INFO:RotatingLogger:Log message 900
INFO:RotatingLogger:Log message 901
INFO:RotatingLogger:Log message 902
INFO:RotatingLogger:Log message 903
INFO:RotatingLogger:Log message 904
INFO:RotatingLogger:Log message 905
INFO:RotatingLogger:Log message 906
INFO:RotatingLogger:Log message 907
INFO:RotatingLogger:Log message 908
INFO:RotatingLogger:Log message 909
INFO:RotatingLogger:Log message 910
INFO:RotatingLogger:Log message 911
INFO:RotatingLogger:Log message 912
INFO:RotatingLogger:Log message 913
INFO:RotatingLogger:Log message 914
INFO:RotatingLogger:Log message 915
INFO:RotatingLogger:Log message 916
INFO:RotatingLogger:Log message 917
INFO:RotatingLogger:Log message 918
INFO:RotatingLogger:Log message 919
INFO:RotatingLogger:Log message 920
INFO:RotatingLogger:Log message 921
INFO:RotatingLogger:Log message 922
INFO:RotatingLogger:Log message 923
INFO:RotatingLogger:Log message 924
INFO:RotatingLogger:Log message 925
INFO:RotatingLogger:Log message 926
INFO:RotatingLogger:Log message 927
INFO:RotatingLogger:Log message 928
INFO:RotatingLogger:Log message 929
INFO:RotatingLogger:Log message 930
INFO:RotatingLogger:Log message 931
INFO:RotatingLogger:Log message 932
INFO:RotatingLogger:Log message 933
INFO:RotatingLogger:Log message 934
INFO:RotatingLogger:Log message 935
INFO:RotatingLogger:Log message 936
INFO:RotatingLogger:Log message 937
INFO:RotatingLogger:Log message 938
INFO:RotatingLogger:Log message 939
INFO:RotatingLogger:Log message 940
INFO:RotatingLogger:Log message 941
INFO:RotatingLogger:Log message 942
INFO:RotatingLogger:Log message 943
INFO:RotatingLogger:Log message 944
INFO:RotatingLogger:Log message 945
INFO:RotatingLogger:Log message 946
INFO:RotatingLogger:Log message 947
INFO:RotatingLogger:Log message 948
INFO:RotatingLogger:Log message 949
INFO:RotatingLogger:Log message 950
INFO:RotatingLogger:Log message 951
INFO:RotatingLogger:Log message 952
INFO:RotatingLogger:Log message 953
INFO:RotatingLogger:Log message 954
INFO:RotatingLogger:Log message 955
INFO:RotatingLogger:Log message 956
INFO:RotatingLogger:Log message 957
INFO:RotatingLogger:Log message 958
INFO:RotatingLogger:Log message 959
INFO:RotatingLogger:Log message 960
INFO:RotatingLogger:Log message 961
INFO:RotatingLogger:Log message 962
INFO:RotatingLogger:Log message 963
INFO:RotatingLogger:Log message 964
INFO:RotatingLogger:Log message 965
INFO:RotatingLogger:Log message 966
INFO:RotatingLogger:Log message 967
INFO:RotatingLogger:Log message 968
INFO:RotatingLogger:Log message 969
INFO:RotatingLogger:Log message 970
INFO:RotatingLogger:Log message 971
INFO:RotatingLogger:Log message 972
INFO:RotatingLogger:Log message 973
INFO:RotatingLogger:Log message 974
INFO:RotatingLogger:Log message 975
INFO:RotatingLogger:Log message 976
INFO:RotatingLogger:Log message 977
INFO:RotatingLogger:Log message 978
INFO:RotatingLogger:Log message 979
INFO:RotatingLogger:Log message 980
INFO:RotatingLogger:Log message 981
INFO:RotatingLogger:Log message 982
INFO:RotatingLogger:Log message 983
INFO:RotatingLogger:Log message 984
INFO:RotatingLogger:Log message 985
INFO:RotatingLogger:Log message 986
INFO:RotatingLogger:Log message 987
INFO:RotatingLogger:Log message 988
INFO:RotatingLogger:Log message 989
INFO:RotatingLogger:Log message 990
INFO:RotatingLogger:Log message 991
INFO:RotatingLogger:Log message 992
INFO:RotatingLogger:Log message 993
INFO:RotatingLogger:Log message 994
INFO:RotatingLogger:Log message 995
INFO:RotatingLogger:Log message 996
INFO:RotatingLogger:Log message 997
INFO:RotatingLogger:Log message 998
INFO:RotatingLogger:Log message 999
ERROR:root:File not found: [Errno 2] No such file or directory: 'non_existent_file.txt'
